<?xml version="1.0" encoding="UTF-8"?>
<testng-results skipped="0" failed="0" total="1" passed="1">
  <reporter-output>
  </reporter-output>
  <suite name="Suite" duration-ms="30" started-at="2017-01-26T17:07:07Z" finished-at="2017-01-26T17:07:07Z">
    <groups>
    </groups>
    <test name="Test" duration-ms="30" started-at="2017-01-26T17:07:07Z" finished-at="2017-01-26T17:07:07Z">
      <class name="example.NewTest">
        <test-method status="PASS" signature="f()[pri:0, instance:example.NewTest@61dc03ce]" name="f" duration-ms="15" started-at="2017-01-26T09:07:07Z" finished-at="2017-01-26T09:07:07Z">
          <reporter-output>
          </reporter-output>
        </test-method> <!-- f -->
      </class> <!-- example.NewTest -->
    </test> <!-- Test -->
  </suite> <!-- Suite -->
</testng-results>
